This is XeTeX, Version 3.141592653-2.6-0.999996 (TeX Live 2024) (preloaded format=xelatex 2025.1.17)  7 MAY 2025 21:20
entering extended mode
 restricted \write18 enabled.
 file:line:error style messages enabled.
 %&-line parsing enabled.
**/Users/lifulin/Desktop/数字图像处理lab/Article/hw
(/Users/lifulin/Desktop/数字图像处理lab/Article/hw.tex
LaTeX2e <2024-11-01> patch level 1
L3 programming layer <2024-12-25>
(/usr/local/texlive/2024/texmf-dist/tex/latex/base/article.cls
Document Class: article 2024/06/29 v1.4n Standard LaTeX document class
(/usr/local/texlive/2024/texmf-dist/tex/latex/base/size12.clo
File: size12.clo 2024/06/29 v1.4n Standard LaTeX file (size option)
)
\c@part=\count192
\c@section=\count193
\c@subsection=\count194
\c@subsubsection=\count195
\c@paragraph=\count196
\c@subparagraph=\count197
\c@figure=\count198
\c@table=\count199
\abovecaptionskip=\skip49
\belowcaptionskip=\skip50
\bibindent=\dimen141
) (/usr/local/texlive/2024/texmf-dist/tex/latex/amsmath/amsmath.sty
Package: amsmath 2024/11/05 v2.17t AMS math features
\@mathmargin=\skip51

For additional information on amsmath, use the `?' option.
(/usr/local/texlive/2024/texmf-dist/tex/latex/amsmath/amstext.sty
Package: amstext 2021/08/26 v2.01 AMS text
 (/usr/local/texlive/2024/texmf-dist/tex/latex/amsmath/amsgen.sty
File: amsgen.sty 1999/11/30 v2.0 generic functions
\@emptytoks=\toks17
\ex@=\dimen142
)) (/usr/local/texlive/2024/texmf-dist/tex/latex/amsmath/amsbsy.sty
Package: amsbsy 1999/11/29 v1.2d Bold Symbols
\pmbraise@=\dimen143
) (/usr/local/texlive/2024/texmf-dist/tex/latex/amsmath/amsopn.sty
Package: amsopn 2022/04/08 v2.04 operator names
)
\inf@bad=\count266
LaTeX Info: Redefining \frac on input line 233.
\uproot@=\count267
\leftroot@=\count268
LaTeX Info: Redefining \overline on input line 398.
LaTeX Info: Redefining \colon on input line 409.
\classnum@=\count269
\DOTSCASE@=\count270
LaTeX Info: Redefining \ldots on input line 495.
LaTeX Info: Redefining \dots on input line 498.
LaTeX Info: Redefining \cdots on input line 619.
\Mathstrutbox@=\box52
\strutbox@=\box53
LaTeX Info: Redefining \big on input line 721.
LaTeX Info: Redefining \Big on input line 722.
LaTeX Info: Redefining \bigg on input line 723.
LaTeX Info: Redefining \Bigg on input line 724.
\big@size=\dimen144
LaTeX Font Info:    Redeclaring font encoding OML on input line 742.
LaTeX Font Info:    Redeclaring font encoding OMS on input line 743.
\macc@depth=\count271
LaTeX Info: Redefining \bmod on input line 904.
LaTeX Info: Redefining \pmod on input line 909.
LaTeX Info: Redefining \smash on input line 939.
LaTeX Info: Redefining \relbar on input line 969.
LaTeX Info: Redefining \Relbar on input line 970.
\c@MaxMatrixCols=\count272
\dotsspace@=\muskip17
\c@parentequation=\count273
\dspbrk@lvl=\count274
\tag@help=\toks18
\row@=\count275
\column@=\count276
\maxfields@=\count277
\andhelp@=\toks19
\eqnshift@=\dimen145
\alignsep@=\dimen146
\tagshift@=\dimen147
\tagwidth@=\dimen148
\totwidth@=\dimen149
\lineht@=\dimen150
\@envbody=\toks20
\multlinegap=\skip52
\multlinetaggap=\skip53
\mathdisplay@stack=\toks21
LaTeX Info: Redefining \[ on input line 2953.
LaTeX Info: Redefining \] on input line 2954.
) (/usr/local/texlive/2024/texmf-dist/tex/latex/graphics/graphicx.sty
Package: graphicx 2021/09/16 v1.2d Enhanced LaTeX Graphics (DPC,SPQR)
 (/usr/local/texlive/2024/texmf-dist/tex/latex/graphics/keyval.sty
Package: keyval 2022/05/29 v1.15 key=value parser (DPC)
\KV@toks@=\toks22
) (/usr/local/texlive/2024/texmf-dist/tex/latex/graphics/graphics.sty
Package: graphics 2024/08/06 v1.4g Standard LaTeX Graphics (DPC,SPQR)
 (/usr/local/texlive/2024/texmf-dist/tex/latex/graphics/trig.sty
Package: trig 2023/12/02 v1.11 sin cos tan (DPC)
) (/usr/local/texlive/2024/texmf-dist/tex/latex/graphics-cfg/graphics.cfg
File: graphics.cfg 2016/06/04 v1.11 sample graphics configuration
)
Package graphics Info: Driver file: xetex.def on input line 106.
 (/usr/local/texlive/2024/texmf-dist/tex/latex/graphics-def/xetex.def
File: xetex.def 2022/09/22 v5.0n Graphics/color driver for xetex
))
\Gin@req@height=\dimen151
\Gin@req@width=\dimen152
) (/usr/local/texlive/2024/texmf-dist/tex/latex/geometry/geometry.sty
Package: geometry 2020/01/02 v5.9 Page Geometry
 (/usr/local/texlive/2024/texmf-dist/tex/generic/iftex/ifvtex.sty
Package: ifvtex 2019/10/25 v1.7 ifvtex legacy package. Use iftex instead.
 (/usr/local/texlive/2024/texmf-dist/tex/generic/iftex/iftex.sty
Package: iftex 2024/12/12 v1.0g TeX engine tests
))
\Gm@cnth=\count278
\Gm@cntv=\count279
\c@Gm@tempcnt=\count280
\Gm@bindingoffset=\dimen153
\Gm@wd@mp=\dimen154
\Gm@odd@mp=\dimen155
\Gm@even@mp=\dimen156
\Gm@layoutwidth=\dimen157
\Gm@layoutheight=\dimen158
\Gm@layouthoffset=\dimen159
\Gm@layoutvoffset=\dimen160
\Gm@dimlist=\toks23
) (/usr/local/texlive/2024/texmf-dist/tex/latex/siunitx/siunitx.sty
Package: siunitx 2025-01-14 v3.4.1 A comprehensive (SI) units package
\l__siunitx_number_uncert_offset_int=\count281
\l__siunitx_number_exponent_fixed_int=\count282
\l__siunitx_number_min_decimal_int=\count283
\l__siunitx_number_min_integer_int=\count284
\l__siunitx_number_round_precision_int=\count285
\l__siunitx_number_lower_threshold_int=\count286
\l__siunitx_number_upper_threshold_int=\count287
\l__siunitx_number_group_first_int=\count288
\l__siunitx_number_group_size_int=\count289
\l__siunitx_number_group_minimum_int=\count290
\l__siunitx_angle_tmp_dim=\dimen161
\l__siunitx_angle_marker_box=\box54
\l__siunitx_angle_unit_box=\box55
\l__siunitx_compound_count_int=\count291
 (/usr/local/texlive/2024/texmf-dist/tex/latex/translations/translations.sty
Package: translations 2022/02/05 v1.12 internationalization of LaTeX2e packages (CN)
 (/usr/local/texlive/2024/texmf-dist/tex/latex/etoolbox/etoolbox.sty
Package: etoolbox 2020/10/05 v2.5k e-TeX tools for LaTeX (JAW)
\etb@tempcnta=\count292
) (/usr/local/texlive/2024/texmf-dist/tex/generic/pdftexcmds/pdftexcmds.sty
Package: pdftexcmds 2020-06-27 v0.33 Utility functions of pdfTeX for LuaTeX (HO)
 (/usr/local/texlive/2024/texmf-dist/tex/generic/infwarerr/infwarerr.sty
Package: infwarerr 2019/12/03 v1.5 Providing info/warning/error messages (HO)
) (/usr/local/texlive/2024/texmf-dist/tex/generic/ltxcmds/ltxcmds.sty
Package: ltxcmds 2023-12-04 v1.26 LaTeX kernel commands for general use (HO)
)
Package pdftexcmds Info: \pdf@primitive is available.
Package pdftexcmds Info: \pdf@ifprimitive is available.
Package pdftexcmds Info: \pdfdraftmode not found.
))
\l__siunitx_table_tmp_box=\box56
\l__siunitx_table_tmp_dim=\dimen162
\l__siunitx_table_column_width_dim=\dimen163
\l__siunitx_table_integer_box=\box57
\l__siunitx_table_decimal_box=\box58
\l__siunitx_table_uncert_box=\box59
\l__siunitx_table_before_box=\box60
\l__siunitx_table_after_box=\box61
\l__siunitx_table_before_dim=\dimen164
\l__siunitx_table_carry_dim=\dimen165
\l__siunitx_unit_tmp_int=\count293
\l__siunitx_unit_position_int=\count294
\l__siunitx_unit_total_int=\count295
 (/usr/local/texlive/2024/texmf-dist/tex/latex/tools/array.sty
Package: array 2024/10/17 v2.6g Tabular extension package (FMi)
\col@sep=\dimen166
\ar@mcellbox=\box62
\extrarowheight=\dimen167
\NC@list=\toks24
\extratabsurround=\skip54
\backup@length=\skip55
\ar@cellbox=\box63
)) (/usr/local/texlive/2024/texmf-dist/tex/latex/natbib/natbib.sty
Package: natbib 2010/09/13 8.31b (PWD, AO)
\bibhang=\skip56
\bibsep=\skip57
LaTeX Info: Redefining \cite on input line 694.
\c@NAT@ctr=\count296
) (/usr/local/texlive/2024/texmf-dist/tex/latex/hyperref/hyperref.sty
Package: hyperref 2024-11-05 v7.01l Hypertext links for LaTeX
 (/usr/local/texlive/2024/texmf-dist/tex/latex/kvsetkeys/kvsetkeys.sty
Package: kvsetkeys 2022-10-05 v1.19 Key value parser (HO)
) (/usr/local/texlive/2024/texmf-dist/tex/generic/kvdefinekeys/kvdefinekeys.sty
Package: kvdefinekeys 2019-12-19 v1.6 Define keys (HO)
) (/usr/local/texlive/2024/texmf-dist/tex/generic/pdfescape/pdfescape.sty
Package: pdfescape 2019/12/09 v1.15 Implements pdfTeX's escape features (HO)
) (/usr/local/texlive/2024/texmf-dist/tex/latex/hycolor/hycolor.sty
Package: hycolor 2020-01-27 v1.10 Color options for hyperref/bookmark (HO)
) (/usr/local/texlive/2024/texmf-dist/tex/latex/hyperref/nameref.sty
Package: nameref 2023-11-26 v2.56 Cross-referencing by name of section
 (/usr/local/texlive/2024/texmf-dist/tex/latex/refcount/refcount.sty
Package: refcount 2019/12/15 v3.6 Data extraction from label references (HO)
) (/usr/local/texlive/2024/texmf-dist/tex/generic/gettitlestring/gettitlestring.sty
Package: gettitlestring 2019/12/15 v1.6 Cleanup title references (HO)
 (/usr/local/texlive/2024/texmf-dist/tex/latex/kvoptions/kvoptions.sty
Package: kvoptions 2022-06-15 v3.15 Key value format for package options (HO)
))
\c@section@level=\count297
) (/usr/local/texlive/2024/texmf-dist/tex/generic/stringenc/stringenc.sty
Package: stringenc 2019/11/29 v1.12 Convert strings between diff. encodings (HO)
)
\@linkdim=\dimen168
\Hy@linkcounter=\count298
\Hy@pagecounter=\count299
 (/usr/local/texlive/2024/texmf-dist/tex/latex/hyperref/pd1enc.def
File: pd1enc.def 2024-11-05 v7.01l Hyperref: PDFDocEncoding definition (HO)
) (/usr/local/texlive/2024/texmf-dist/tex/generic/intcalc/intcalc.sty
Package: intcalc 2019/12/15 v1.3 Expandable calculations with integers (HO)
)
\Hy@SavedSpaceFactor=\count300
 (/usr/local/texlive/2024/texmf-dist/tex/latex/hyperref/puenc.def
File: puenc.def 2024-11-05 v7.01l Hyperref: PDF Unicode definition (HO)
)
Package hyperref Info: Hyper figures OFF on input line 4157.
Package hyperref Info: Link nesting OFF on input line 4162.
Package hyperref Info: Hyper index ON on input line 4165.
Package hyperref Info: Plain pages OFF on input line 4172.
Package hyperref Info: Backreferencing OFF on input line 4177.
Package hyperref Info: Implicit mode ON; LaTeX internals redefined.
Package hyperref Info: Bookmarks ON on input line 4424.
\c@Hy@tempcnt=\count301
 (/usr/local/texlive/2024/texmf-dist/tex/latex/url/url.sty
\Urlmuskip=\muskip18
Package: url 2013/09/16  ver 3.4  Verb mode for urls, etc.
)
LaTeX Info: Redefining \url on input line 4763.
\XeTeXLinkMargin=\dimen169
 (/usr/local/texlive/2024/texmf-dist/tex/generic/bitset/bitset.sty
Package: bitset 2019/12/09 v1.3 Handle bit-vector datatype (HO)
 (/usr/local/texlive/2024/texmf-dist/tex/generic/bigintcalc/bigintcalc.sty
Package: bigintcalc 2019/12/15 v1.5 Expandable calculations on big integers (HO)
))
\Fld@menulength=\count302
\Field@Width=\dimen170
\Fld@charsize=\dimen171
Package hyperref Info: Hyper figures OFF on input line 6042.
Package hyperref Info: Link nesting OFF on input line 6047.
Package hyperref Info: Hyper index ON on input line 6050.
Package hyperref Info: backreferencing OFF on input line 6057.
Package hyperref Info: Link coloring OFF on input line 6062.
Package hyperref Info: Link coloring with OCG OFF on input line 6067.
Package hyperref Info: PDF/A mode OFF on input line 6072.
 (/usr/local/texlive/2024/texmf-dist/tex/latex/base/atbegshi-ltx.sty
Package: atbegshi-ltx 2021/01/10 v1.0c Emulation of the original atbegshi
package with kernel methods
)
\Hy@abspage=\count303
\c@Item=\count304
\c@Hfootnote=\count305
)
Package hyperref Info: Driver (autodetected): hxetex.
 (/usr/local/texlive/2024/texmf-dist/tex/latex/hyperref/hxetex.def
File: hxetex.def 2024-11-05 v7.01l Hyperref driver for XeTeX
\pdfm@box=\box64
\c@Hy@AnnotLevel=\count306
\HyField@AnnotCount=\count307
\Fld@listcount=\count308
\c@bookmark@seq@number=\count309
 (/usr/local/texlive/2024/texmf-dist/tex/latex/rerunfilecheck/rerunfilecheck.sty
Package: rerunfilecheck 2022-07-10 v1.10 Rerun checks for auxiliary files (HO)
 (/usr/local/texlive/2024/texmf-dist/tex/latex/base/atveryend-ltx.sty
Package: atveryend-ltx 2020/08/19 v1.0a Emulation of the original atveryend package
with kernel methods
) (/usr/local/texlive/2024/texmf-dist/tex/generic/uniquecounter/uniquecounter.sty
Package: uniquecounter 2019/12/15 v1.4 Provide unlimited unique counter (HO)
)
Package uniquecounter Info: New unique counter `rerunfilecheck' on input line 285.
)
\Hy@SectionHShift=\skip58
) (/usr/local/texlive/2024/texmf-dist/tex/latex/amsfonts/amsfonts.sty
Package: amsfonts 2013/01/14 v3.01 Basic AMSFonts support
\symAMSa=\mathgroup4
\symAMSb=\mathgroup5
LaTeX Font Info:    Redeclaring math symbol \hbar on input line 98.
LaTeX Font Info:    Overwriting math alphabet `\mathfrak' in version `bold'
(Font)                  U/euf/m/n --> U/euf/b/n on input line 106.
) (/usr/local/texlive/2024/texmf-dist/tex/latex/booktabs/booktabs.sty
Package: booktabs 2020/01/12 v1.61803398 Publication quality tables
\heavyrulewidth=\dimen172
\lightrulewidth=\dimen173
\cmidrulewidth=\dimen174
\belowrulesep=\dimen175
\belowbottomsep=\dimen176
\aboverulesep=\dimen177
\abovetopsep=\dimen178
\cmidrulesep=\dimen179
\cmidrulekern=\dimen180
\defaultaddspace=\dimen181
\@cmidla=\count310
\@cmidlb=\count311
\@aboverulesep=\dimen182
\@belowrulesep=\dimen183
\@thisruleclass=\count312
\@lastruleclass=\count313
\@thisrulewidth=\dimen184
) (/usr/local/texlive/2024/texmf-dist/tex/latex/caption/caption.sty
Package: caption 2023/08/05 v3.6o Customizing captions (AR)
 (/usr/local/texlive/2024/texmf-dist/tex/latex/caption/caption3.sty
Package: caption3 2023/07/31 v2.4d caption3 kernel (AR)
\caption@tempdima=\dimen185
\captionmargin=\dimen186
\caption@leftmargin=\dimen187
\caption@rightmargin=\dimen188
\caption@width=\dimen189
\caption@indent=\dimen190
\caption@parindent=\dimen191
\caption@hangindent=\dimen192
Package caption Info: Standard document class detected.
)
\c@caption@flags=\count314
\c@continuedfloat=\count315
Package caption Info: hyperref package is loaded.
) (/usr/local/texlive/2024/texmf-dist/tex/latex/listings/listings.sty
\lst@mode=\count316
\lst@gtempboxa=\box65
\lst@token=\toks25
\lst@length=\count317
\lst@currlwidth=\dimen193
\lst@column=\count318
\lst@pos=\count319
\lst@lostspace=\dimen194
\lst@width=\dimen195
\lst@newlines=\count320
\lst@lineno=\count321
\lst@maxwidth=\dimen196
 (/usr/local/texlive/2024/texmf-dist/tex/latex/listings/lstpatch.sty
File: lstpatch.sty 2024/09/23 1.10c (Carsten Heinz)
) (/usr/local/texlive/2024/texmf-dist/tex/latex/listings/lstmisc.sty
File: lstmisc.sty 2024/09/23 1.10c (Carsten Heinz)
\c@lstnumber=\count322
\lst@skipnumbers=\count323
\lst@framebox=\box66
) (/usr/local/texlive/2024/texmf-dist/tex/latex/listings/listings.cfg
File: listings.cfg 2024/09/23 1.10c listings configuration
))
Package: listings 2024/09/23 1.10c (Carsten Heinz)
 (/usr/local/texlive/2024/texmf-dist/tex/latex/xcolor/xcolor.sty
Package: xcolor 2024/09/29 v3.02 LaTeX color extensions (UK)
 (/usr/local/texlive/2024/texmf-dist/tex/latex/graphics-cfg/color.cfg
File: color.cfg 2016/01/02 v1.6 sample color configuration
)
Package xcolor Info: Driver file: xetex.def on input line 274.
 (/usr/local/texlive/2024/texmf-dist/tex/latex/graphics/mathcolor.ltx)
Package xcolor Info: Model `cmy' substituted by `cmy0' on input line 1349.
Package xcolor Info: Model `RGB' extended on input line 1365.
Package xcolor Info: Model `HTML' substituted by `rgb' on input line 1367.
Package xcolor Info: Model `Hsb' substituted by `hsb' on input line 1368.
Package xcolor Info: Model `tHsb' substituted by `hsb' on input line 1369.
Package xcolor Info: Model `HSB' substituted by `hsb' on input line 1370.
Package xcolor Info: Model `Gray' substituted by `gray' on input line 1371.
Package xcolor Info: Model `wave' substituted by `hsb' on input line 1372.
) (/usr/local/texlive/2024/texmf-dist/tex/latex/algorithms/algorithm.sty
Invalid UTF-8 byte or sequence at line 11 replaced by U+FFFD.
Package: algorithm 2009/08/24 v0.1 Document Style `algorithm' - floating environment
 (/usr/local/texlive/2024/texmf-dist/tex/latex/float/float.sty
Package: float 2001/11/08 v1.3d Float enhancements (AL)
\c@float@type=\count324
\float@exts=\toks26
\float@box=\box67
\@float@everytoks=\toks27
\@floatcapt=\box68
) (/usr/local/texlive/2024/texmf-dist/tex/latex/base/ifthen.sty
Package: ifthen 2024/03/16 v1.1e Standard LaTeX ifthen package (DPC)
)
\@float@every@algorithm=\toks28
\c@algorithm=\count325
) (/usr/local/texlive/2024/texmf-dist/tex/latex/algorithms/algorithmic.sty
Invalid UTF-8 byte or sequence at line 11 replaced by U+FFFD.
Package: algorithmic 2009/08/24 v0.1 Document Style `algorithmic'
\c@ALC@unique=\count326
\c@ALC@line=\count327
\c@ALC@rem=\count328
\c@ALC@depth=\count329
\ALC@tlm=\skip59
\algorithmicindent=\skip60
) (/usr/local/texlive/2024/texmf-dist/tex/latex/enumitem/enumitem.sty
Package: enumitem 2019/06/20 v3.9 Customized lists
\labelindent=\skip61
\enit@outerparindent=\dimen197
\enit@toks=\toks29
\enit@inbox=\box69
\enit@count@id=\count330
\enitdp@description=\count331
)
Package translations Info: No language package found. I am going to use `english' as default language. on input line 48.
 (/usr/local/texlive/2024/texmf-dist/tex/latex/l3backend/l3backend-xetex.def
File: l3backend-xetex.def 2024-05-08 L3 backend support: XeTeX
\g__graphics_track_int=\count332
\l__pdf_internal_box=\box70
\g__pdf_backend_annotation_int=\count333
\g__pdf_backend_link_int=\count334
) (./hw.aux)
\openout1 = `hw.aux'.

LaTeX Font Info:    Checking defaults for OML/cmm/m/it on input line 48.
LaTeX Font Info:    ... okay on input line 48.
LaTeX Font Info:    Checking defaults for OMS/cmsy/m/n on input line 48.
LaTeX Font Info:    ... okay on input line 48.
LaTeX Font Info:    Checking defaults for OT1/cmr/m/n on input line 48.
LaTeX Font Info:    ... okay on input line 48.
LaTeX Font Info:    Checking defaults for T1/cmr/m/n on input line 48.
LaTeX Font Info:    ... okay on input line 48.
LaTeX Font Info:    Checking defaults for TS1/cmr/m/n on input line 48.
LaTeX Font Info:    ... okay on input line 48.
LaTeX Font Info:    Checking defaults for TU/lmr/m/n on input line 48.
LaTeX Font Info:    ... okay on input line 48.
LaTeX Font Info:    Checking defaults for OMX/cmex/m/n on input line 48.
LaTeX Font Info:    ... okay on input line 48.
LaTeX Font Info:    Checking defaults for U/cmr/m/n on input line 48.
LaTeX Font Info:    ... okay on input line 48.
LaTeX Font Info:    Checking defaults for PD1/pdf/m/n on input line 48.
LaTeX Font Info:    ... okay on input line 48.
LaTeX Font Info:    Checking defaults for PU/pdf/m/n on input line 48.
LaTeX Font Info:    ... okay on input line 48.

*geometry* driver: auto-detecting
*geometry* detected driver: xetex
*geometry* verbose mode - [ preamble ] result:
* driver: xetex
* paper: letterpaper
* layout: <same size as paper>
* layoutoffset:(h,v)=(0.0pt,0.0pt)
* modes: 
* h-part:(L,W,R)=(72.26999pt, 469.75502pt, 72.26999pt)
* v-part:(T,H,B)=(72.26999pt, 650.43001pt, 72.26999pt)
* \paperwidth=614.295pt
* \paperheight=794.96999pt
* \textwidth=469.75502pt
* \textheight=650.43001pt
* \oddsidemargin=0.0pt
* \evensidemargin=0.0pt
* \topmargin=-37.0pt
* \headheight=12.0pt
* \headsep=25.0pt
* \topskip=12.0pt
* \footskip=30.0pt
* \marginparwidth=44.0pt
* \marginparsep=10.0pt
* \columnsep=10.0pt
* \skip\footins=10.8pt plus 4.0pt minus 2.0pt
* \hoffset=0.0pt
* \voffset=0.0pt
* \mag=1000
* \@twocolumnfalse
* \@twosidefalse
* \@mparswitchfalse
* \@reversemarginfalse
* (1in=72.27pt=25.4mm, 1cm=28.453pt)

(/usr/local/texlive/2024/texmf-dist/tex/latex/translations/translations-basic-dictionary-english.trsl
File: translations-basic-dictionary-english.trsl (english translation file `translations-basic-dictionary')
)
Package translations Info: loading dictionary `translations-basic-dictionary' for `english'. on input line 48.
Package hyperref Info: Link coloring OFF on input line 48.
 (./hw.out) (./hw.out)
\@outlinefile=\write3
\openout3 = `hw.out'.



Package hyperref Warning: Rerun to get /PageLabels entry.

Package caption Info: Begin \AtBeginDocument code.
Package caption Info: float package is loaded.
Package caption Info: listings package is loaded.
Package caption Info: End \AtBeginDocument code.
\c@lstlisting=\count335
LaTeX Font Info:    Trying to load font information for U+msa on input line 51.
(/usr/local/texlive/2024/texmf-dist/tex/latex/amsfonts/umsa.fd
File: umsa.fd 2013/01/14 v3.01 AMS symbols A
)
LaTeX Font Info:    Trying to load font information for U+msb on input line 51.
 (/usr/local/texlive/2024/texmf-dist/tex/latex/amsfonts/umsb.fd
File: umsb.fd 2013/01/14 v3.01 AMS symbols B
)
Missing character: There is no 问 (U+95EE) in font [lmroman12-bold]:mapping=tex-text;!
Missing character: There is no 题 (U+9898) in font [lmroman12-bold]:mapping=tex-text;!
Missing character: There is no 描 (U+63CF) in font [lmroman12-bold]:mapping=tex-text;!
Missing character: There is no 述 (U+8FF0) in font [lmroman12-bold]:mapping=tex-text;!
Missing character: There is no 算 (U+7B97) in font [lmroman12-bold]:mapping=tex-text;!
Missing character: There is no 法 (U+6CD5) in font [lmroman12-bold]:mapping=tex-text;!
Missing character: There is no 原 (U+539F) in font [lmroman12-bold]:mapping=tex-text;!
Missing character: There is no 理 (U+7406) in font [lmroman12-bold]:mapping=tex-text;!
Missing character: There is no 代 (U+4EE3) in font [lmroman12-bold]:mapping=tex-text;!
Missing character: There is no 码 (U+7801) in font [lmroman12-bold]:mapping=tex-text;!
Missing character: There is no 实 (U+5B9E) in font [lmroman12-bold]:mapping=tex-text;!
Missing character: There is no 现 (U+73B0) in font [lmroman12-bold]:mapping=tex-text;!
Missing character: There is no 主 (U+4E3B) in font [lmroman12-bold]:mapping=tex-text;!
Missing character: There is no 要 (U+8981) in font [lmroman12-bold]:mapping=tex-text;!
Missing character: There is no 函 (U+51FD) in font [lmroman12-bold]:mapping=tex-text;!
Missing character: There is no 数 (U+6570) in font [lmroman12-bold]:mapping=tex-text;!
Missing character: There is no 与 (U+4E0E) in font [lmroman12-bold]:mapping=tex-text;!
Missing character: There is no 方 (U+65B9) in font [lmroman12-bold]:mapping=tex-text;!
Missing character: There is no 法 (U+6CD5) in font [lmroman12-bold]:mapping=tex-text;!
(/usr/local/texlive/2024/texmf-dist/tex/latex/listings/lstlang1.sty
File: lstlang1.sty 2024/09/23 1.10c listings language file
)
Package hyperref Info: bookmark level for unknown lstlisting defaults to 0 on input line 67.

Missing character: There is no 函 (U+51FD) in font [lmmono10-regular]:!
Missing character: There is no 数 (U+6570) in font [lmmono10-regular]:!
Missing character: There is no 功 (U+529F) in font [lmmono10-regular]:!
Missing character: There is no 能 (U+80FD) in font [lmmono10-regular]:!
Missing character: There is no 说 (U+8BF4) in font [lmmono10-regular]:!
Missing character: There is no 明 (U+660E) in font [lmmono10-regular]:!
Missing character: There is no 初 (U+521D) in font [lmmono10-regular]:!
Missing character: There is no 始 (U+59CB) in font [lmmono10-regular]:!
Missing character: There is no 化 (U+5316) in font [lmmono10-regular]:!
Missing character: There is no 主 (U+4E3B) in font [lmmono10-regular]:!
Missing character: There is no 要 (U+8981) in font [lmmono10-regular]:!
Missing character: There is no 逻 (U+903B) in font [lmmono10-regular]:!
Missing character: There is no 辑 (U+8F91) in font [lmmono10-regular]:!
Missing character: There is no 示 (U+793A) in font [lmroman12-regular]:mapping=tex-text;!
Missing character: There is no 例 (U+4F8B) in font [lmroman12-regular]:mapping=tex-text;!
Missing character: There is no 代 (U+4EE3) in font [lmroman12-regular]:mapping=tex-text;!
Missing character: There is no 码 (U+7801) in font [lmroman12-regular]:mapping=tex-text;!
Missing character: There is no 示 (U+793A) in font [lmroman12-regular]:mapping=tex-text;!
Missing character: There is no 例 (U+4F8B) in font [lmroman12-regular]:mapping=tex-text;!
Missing character: There is no 代 (U+4EE3) in font [lmroman12-regular]:mapping=tex-text;!
Missing character: There is no 码 (U+7801) in font [lmroman12-regular]:mapping=tex-text;!
Missing character: There is no 关 (U+5173) in font [lmroman12-bold]:mapping=tex-text;!
Missing character: There is no 键 (U+952E) in font [lmroman12-bold]:mapping=tex-text;!
Missing character: There is no 步 (U+6B65) in font [lmroman12-bold]:mapping=tex-text;!
Missing character: There is no 骤 (U+9AA4) in font [lmroman12-bold]:mapping=tex-text;!
Missing character: There is no 解 (U+89E3) in font [lmroman12-bold]:mapping=tex-text;!
Missing character: There is no 释 (U+91CA) in font [lmroman12-bold]:mapping=tex-text;!
Missing character: There is no 步 (U+6B65) in font [lmroman12-regular]:mapping=tex-text;!
Missing character: There is no 骤 (U+9AA4) in font [lmroman12-regular]:mapping=tex-text;!
Missing character: There is no 一 (U+4E00) in font [lmroman12-regular]:mapping=tex-text;!
Missing character: There is no ： (U+FF1A) in font [lmroman12-regular]:mapping=tex-text;!
Missing character: There is no 步 (U+6B65) in font [lmroman12-regular]:mapping=tex-text;!
Missing character: There is no 骤 (U+9AA4) in font [lmroman12-regular]:mapping=tex-text;!
Missing character: There is no 二 (U+4E8C) in font [lmroman12-regular]:mapping=tex-text;!
Missing character: There is no ： (U+FF1A) in font [lmroman12-regular]:mapping=tex-text;!
Missing character: There is no 步 (U+6B65) in font [lmroman12-regular]:mapping=tex-text;!
Missing character: There is no 骤 (U+9AA4) in font [lmroman12-regular]:mapping=tex-text;!
Missing character: There is no 三 (U+4E09) in font [lmroman12-regular]:mapping=tex-text;!
Missing character: There is no ： (U+FF1A) in font [lmroman12-regular]:mapping=tex-text;!
Missing character: There is no 实 (U+5B9E) in font [lmroman12-bold]:mapping=tex-text;!
Missing character: There is no 验 (U+9A8C) in font [lmroman12-bold]:mapping=tex-text;!
Missing character: There is no 结 (U+7ED3) in font [lmroman12-bold]:mapping=tex-text;!
Missing character: There is no 果 (U+679C) in font [lmroman12-bold]:mapping=tex-text;!
Missing character: There is no 数 (U+6570) in font [lmroman12-bold]:mapping=tex-text;!
Missing character: There is no 据 (U+636E) in font [lmroman12-bold]:mapping=tex-text;!
Missing character: There is no 分 (U+5206) in font [lmroman12-bold]:mapping=tex-text;!
Missing character: There is no 析 (U+6790) in font [lmroman12-bold]:mapping=tex-text;!
Missing character: There is no 实 (U+5B9E) in font [lmroman12-regular]:mapping=tex-text;!
Missing character: There is no 验 (U+9A8C) in font [lmroman12-regular]:mapping=tex-text;!
Missing character: There is no 数 (U+6570) in font [lmroman12-regular]:mapping=tex-text;!
Missing character: There is no 据 (U+636E) in font [lmroman12-regular]:mapping=tex-text;!
Missing character: There is no 表 (U+8868) in font [lmroman12-regular]:mapping=tex-text;!
Missing character: There is no 实 (U+5B9E) in font [lmroman12-regular]:mapping=tex-text;!
Missing character: There is no 验 (U+9A8C) in font [lmroman12-regular]:mapping=tex-text;!
Missing character: There is no 数 (U+6570) in font [lmroman12-regular]:mapping=tex-text;!
Missing character: There is no 据 (U+636E) in font [lmroman12-regular]:mapping=tex-text;!
Missing character: There is no 表 (U+8868) in font [lmroman12-regular]:mapping=tex-text;!
Missing character: There is no 参 (U+53C2) in font [lmroman12-regular]:mapping=tex-text;!
Missing character: There is no 数 (U+6570) in font [lmroman12-regular]:mapping=tex-text;!
Missing character: There is no 值 (U+503C) in font [lmroman12-regular]:mapping=tex-text;!
Missing character: There is no 单 (U+5355) in font [lmroman12-regular]:mapping=tex-text;!
Missing character: There is no 位 (U+4F4D) in font [lmroman12-regular]:mapping=tex-text;!
Missing character: There is no 参 (U+53C2) in font [lmroman12-regular]:mapping=tex-text;!
Missing character: There is no 数 (U+6570) in font [lmroman12-regular]:mapping=tex-text;!
Missing character: There is no 值 (U+503C) in font [lmroman12-regular]:mapping=tex-text;!
Missing character: There is no 单 (U+5355) in font [lmroman12-regular]:mapping=tex-text;!
Missing character: There is no 位 (U+4F4D) in font [lmroman12-regular]:mapping=tex-text;!
Missing character: There is no 参 (U+53C2) in font [lmroman12-regular]:mapping=tex-text;!
Missing character: There is no 数 (U+6570) in font [lmroman12-regular]:mapping=tex-text;!
Missing character: There is no 值 (U+503C) in font [lmroman12-regular]:mapping=tex-text;!
Missing character: There is no 单 (U+5355) in font [lmroman12-regular]:mapping=tex-text;!
Missing character: There is no 位 (U+4F4D) in font [lmroman12-regular]:mapping=tex-text;!
Missing character: There is no 参 (U+53C2) in font [lmroman12-regular]:mapping=tex-text;!
Missing character: There is no 数 (U+6570) in font [lmroman12-regular]:mapping=tex-text;!
Missing character: There is no 值 (U+503C) in font [lmroman12-regular]:mapping=tex-text;!
Missing character: There is no 单 (U+5355) in font [lmroman12-regular]:mapping=tex-text;!
Missing character: There is no 位 (U+4F4D) in font [lmroman12-regular]:mapping=tex-text;!


[1

]
Missing character: There is no 可 (U+53EF) in font [lmroman12-bold]:mapping=tex-text;!
Missing character: There is no 视 (U+89C6) in font [lmroman12-bold]:mapping=tex-text;!
Missing character: There is no 化 (U+5316) in font [lmroman12-bold]:mapping=tex-text;!
Missing character: There is no 结 (U+7ED3) in font [lmroman12-bold]:mapping=tex-text;!
Missing character: There is no 果 (U+679C) in font [lmroman12-bold]:mapping=tex-text;!
Missing character: There is no 实 (U+5B9E) in font [lmroman12-regular]:mapping=tex-text;!
Missing character: There is no 验 (U+9A8C) in font [lmroman12-regular]:mapping=tex-text;!
Missing character: There is no 结 (U+7ED3) in font [lmroman12-regular]:mapping=tex-text;!
Missing character: There is no 果 (U+679C) in font [lmroman12-regular]:mapping=tex-text;!
Missing character: There is no 图 (U+56FE) in font [lmroman12-regular]:mapping=tex-text;!
Missing character: There is no 实 (U+5B9E) in font [lmroman12-regular]:mapping=tex-text;!
Missing character: There is no 验 (U+9A8C) in font [lmroman12-regular]:mapping=tex-text;!
Missing character: There is no 结 (U+7ED3) in font [lmroman12-regular]:mapping=tex-text;!
Missing character: There is no 果 (U+679C) in font [lmroman12-regular]:mapping=tex-text;!
Missing character: There is no 图 (U+56FE) in font [lmroman12-regular]:mapping=tex-text;!
Missing character: There is no 讨 (U+8BA8) in font [lmroman12-bold]:mapping=tex-text;!
Missing character: There is no 论 (U+8BBA) in font [lmroman12-bold]:mapping=tex-text;!
Missing character: There is no 与 (U+4E0E) in font [lmroman12-bold]:mapping=tex-text;!
Missing character: There is no 分 (U+5206) in font [lmroman12-bold]:mapping=tex-text;!
Missing character: There is no 析 (U+6790) in font [lmroman12-bold]:mapping=tex-text;!
Missing character: There is no 算 (U+7B97) in font [lmroman12-regular]:mapping=tex-text;!
Missing character: There is no 法 (U+6CD5) in font [lmroman12-regular]:mapping=tex-text;!
Missing character: There is no 性 (U+6027) in font [lmroman12-regular]:mapping=tex-text;!
Missing character: There is no 能 (U+80FD) in font [lmroman12-regular]:mapping=tex-text;!
Missing character: There is no 分 (U+5206) in font [lmroman12-regular]:mapping=tex-text;!
Missing character: There is no 析 (U+6790) in font [lmroman12-regular]:mapping=tex-text;!
Missing character: There is no 实 (U+5B9E) in font [lmroman12-regular]:mapping=tex-text;!
Missing character: There is no 验 (U+9A8C) in font [lmroman12-regular]:mapping=tex-text;!
Missing character: There is no 结 (U+7ED3) in font [lmroman12-regular]:mapping=tex-text;!
Missing character: There is no 果 (U+679C) in font [lmroman12-regular]:mapping=tex-text;!
Missing character: There is no 与 (U+4E0E) in font [lmroman12-regular]:mapping=tex-text;!
Missing character: There is no 理 (U+7406) in font [lmroman12-regular]:mapping=tex-text;!
Missing character: There is no 论 (U+8BBA) in font [lmroman12-regular]:mapping=tex-text;!
Missing character: There is no 预 (U+9884) in font [lmroman12-regular]:mapping=tex-text;!
Missing character: There is no 期 (U+671F) in font [lmroman12-regular]:mapping=tex-text;!
Missing character: There is no 的 (U+7684) in font [lmroman12-regular]:mapping=tex-text;!
Missing character: There is no 对 (U+5BF9) in font [lmroman12-regular]:mapping=tex-text;!
Missing character: There is no 比 (U+6BD4) in font [lmroman12-regular]:mapping=tex-text;!
Missing character: There is no 可 (U+53EF) in font [lmroman12-regular]:mapping=tex-text;!
Missing character: There is no 能 (U+80FD) in font [lmroman12-regular]:mapping=tex-text;!
Missing character: There is no 的 (U+7684) in font [lmroman12-regular]:mapping=tex-text;!
Missing character: There is no 改 (U+6539) in font [lmroman12-regular]:mapping=tex-text;!
Missing character: There is no 进 (U+8FDB) in font [lmroman12-regular]:mapping=tex-text;!
Missing character: There is no 方 (U+65B9) in font [lmroman12-regular]:mapping=tex-text;!
Missing character: There is no 向 (U+5411) in font [lmroman12-regular]:mapping=tex-text;!
Missing character: There is no 结 (U+7ED3) in font [lmroman12-bold]:mapping=tex-text;!
Missing character: There is no 论 (U+8BBA) in font [lmroman12-bold]:mapping=tex-text;!
Missing character: There is no 附 (U+9644) in font [lmroman12-bold]:mapping=tex-text;!
Missing character: There is no 录 (U+5F55) in font [lmroman12-bold]:mapping=tex-text;!
Missing character: There is no ： (U+FF1A) in font [lmroman12-bold]:mapping=tex-text;!
Missing character: There is no 完 (U+5B8C) in font [lmroman12-bold]:mapping=tex-text;!
Missing character: There is no 整 (U+6574) in font [lmroman12-bold]:mapping=tex-text;!
Missing character: There is no 代 (U+4EE3) in font [lmroman12-bold]:mapping=tex-text;!
Missing character: There is no 码 (U+7801) in font [lmroman12-bold]:mapping=tex-text;!
Missing character: There is no 导 (U+5BFC) in font [lmmono10-regular]:!
Missing character: There is no 入 (U+5165) in font [lmmono10-regular]:!
Missing character: There is no 必 (U+5FC5) in font [lmmono10-regular]:!
Missing character: There is no 要 (U+8981) in font [lmmono10-regular]:!
Missing character: There is no 的 (U+7684) in font [lmmono10-regular]:!
Missing character: There is no 库 (U+5E93) in font [lmmono10-regular]:!
Missing character: There is no 完 (U+5B8C) in font [lmmono10-regular]:!
Missing character: There is no 整 (U+6574) in font [lmmono10-regular]:!
Missing character: There is no 的 (U+7684) in font [lmmono10-regular]:!
Missing character: There is no 代 (U+4EE3) in font [lmmono10-regular]:!
Missing character: There is no 码 (U+7801) in font [lmmono10-regular]:!
Missing character: There is no 实 (U+5B9E) in font [lmmono10-regular]:!
Missing character: There is no 现 (U+73B0) in font [lmmono10-regular]:!
Missing character: There is no 代 (U+4EE3) in font [lmmono10-regular]:!
Missing character: There is no 码 (U+7801) in font [lmmono10-regular]:!
Missing character: There is no 实 (U+5B9E) in font [lmmono10-regular]:!
Missing character: There is no 现 (U+73B0) in font [lmmono10-regular]:!
Missing character: There is no 完 (U+5B8C) in font [lmroman12-regular]:mapping=tex-text;!
Missing character: There is no 整 (U+6574) in font [lmroman12-regular]:mapping=tex-text;!
Missing character: There is no 代 (U+4EE3) in font [lmroman12-regular]:mapping=tex-text;!
Missing character: There is no 码 (U+7801) in font [lmroman12-regular]:mapping=tex-text;!
Missing character: There is no 完 (U+5B8C) in font [lmroman12-regular]:mapping=tex-text;!
Missing character: There is no 整 (U+6574) in font [lmroman12-regular]:mapping=tex-text;!
Missing character: There is no 代 (U+4EE3) in font [lmroman12-regular]:mapping=tex-text;!
Missing character: There is no 码 (U+7801) in font [lmroman12-regular]:mapping=tex-text;!


[2] (./hw.aux)
 ***********
LaTeX2e <2024-11-01> patch level 1
L3 programming layer <2024-12-25>
 ***********


LaTeX Warning: Label(s) may have changed. Rerun to get cross-references right.


Package rerunfilecheck Warning: File `hw.out' has changed.
(rerunfilecheck)                Rerun to get outlines right
(rerunfilecheck)                or use package `bookmark'.

Package rerunfilecheck Info: Checksums for `hw.out':
(rerunfilecheck)             Before: D41D8CD98F00B204E9800998ECF8427E;0
(rerunfilecheck)             After:  C42613C7B0AEAB4D4D6FD0A1A16C3765;948.
 ) 
Here is how much of TeX's memory you used:
 17436 strings out of 473846
 333740 string characters out of 5729886
 935552 words of memory out of 5000000
 40315 multiletter control sequences out of 15000+600000
 566537 words of font info for 78 fonts, out of 8000000 for 9000
 1348 hyphenation exceptions out of 8191
 73i,8n,80p,295b,1231s stack positions out of 10000i,1000n,20000p,200000b,200000s

Output written on hw.pdf (2 pages).
